

Started GET "/" for 127.0.0.1 at 2015-09-24 21:19:23 -0700
Processing by PagesController#home as HTML
  Rendered pages/home.html.erb within layouts/application (5.7ms)
Completed 200 OK in 1933ms (Views: 1908.4ms | ActiveRecord: 0.0ms)


Started GET "/assets/application.css?body=1" for 127.0.0.1 at 2015-09-24 21:19:26 -0700


Started GET "/assets/jquery.js?body=1" for 127.0.0.1 at 2015-09-24 21:19:26 -0700


Started GET "/assets/jquery_ujs.js?body=1" for 127.0.0.1 at 2015-09-24 21:19:26 -0700


Started GET "/assets/turbolinks.js?body=1" for 127.0.0.1 at 2015-09-24 21:19:26 -0700


Started GET "/assets/application.js?body=1" for 127.0.0.1 at 2015-09-24 21:19:26 -0700


Started PUT "/age" for 127.0.0.1 at 2015-09-24 21:20:43 -0700

ActionController::RoutingError (No route matches [PUT] "/age"):
  actionpack (4.1.6) lib/action_dispatch/middleware/debug_exceptions.rb:21:in `call'
  actionpack (4.1.6) lib/action_dispatch/middleware/show_exceptions.rb:30:in `call'
  railties (4.1.6) lib/rails/rack/logger.rb:38:in `call_app'
  railties (4.1.6) lib/rails/rack/logger.rb:20:in `block in call'
  activesupport (4.1.6) lib/active_support/tagged_logging.rb:68:in `block in tagged'
  activesupport (4.1.6) lib/active_support/tagged_logging.rb:26:in `tagged'
  activesupport (4.1.6) lib/active_support/tagged_logging.rb:68:in `tagged'
  railties (4.1.6) lib/rails/rack/logger.rb:20:in `call'
  actionpack (4.1.6) lib/action_dispatch/middleware/request_id.rb:21:in `call'
  rack (1.5.2) lib/rack/methodoverride.rb:21:in `call'
  rack (1.5.2) lib/rack/runtime.rb:17:in `call'
  activesupport (4.1.6) lib/active_support/cache/strategy/local_cache_middleware.rb:26:in `call'
  rack (1.5.2) lib/rack/lock.rb:17:in `call'
  actionpack (4.1.6) lib/action_dispatch/middleware/static.rb:64:in `call'
  rack (1.5.2) lib/rack/sendfile.rb:112:in `call'
  railties (4.1.6) lib/rails/engine.rb:514:in `call'
  railties (4.1.6) lib/rails/application.rb:144:in `call'
  rack (1.5.2) lib/rack/lock.rb:17:in `call'
  rack (1.5.2) lib/rack/content_length.rb:14:in `call'
  rack (1.5.2) lib/rack/handler/webrick.rb:60:in `service'
  /Users/akritisingh/.rvm/rubies/ruby-2.2.0/lib/ruby/2.2.0/webrick/httpserver.rb:138:in `service'
  /Users/akritisingh/.rvm/rubies/ruby-2.2.0/lib/ruby/2.2.0/webrick/httpserver.rb:94:in `run'
  /Users/akritisingh/.rvm/rubies/ruby-2.2.0/lib/ruby/2.2.0/webrick/server.rb:294:in `block in start_thread'


  Rendered /Users/akritisingh/.rvm/gems/ruby-2.2.0@rails_decal/gems/actionpack-4.1.6/lib/action_dispatch/middleware/templates/rescues/_trace.html.erb (1.3ms)
  Rendered /Users/akritisingh/.rvm/gems/ruby-2.2.0@rails_decal/gems/actionpack-4.1.6/lib/action_dispatch/middleware/templates/routes/_route.html.erb (1.3ms)
  Rendered /Users/akritisingh/.rvm/gems/ruby-2.2.0@rails_decal/gems/actionpack-4.1.6/lib/action_dispatch/middleware/templates/routes/_table.html.erb (9.0ms)
  Rendered /Users/akritisingh/.rvm/gems/ruby-2.2.0@rails_decal/gems/actionpack-4.1.6/lib/action_dispatch/middleware/templates/rescues/routing_error.html.erb within rescues/layout (73.9ms)


Started GET "/" for 127.0.0.1 at 2015-09-24 21:35:29 -0700
Processing by PagesController#home as HTML
  Rendered pages/home.html.erb within layouts/application (0.9ms)
Completed 200 OK in 31ms (Views: 30.7ms | ActiveRecord: 0.0ms)


Started GET "/assets/jquery.js?body=1" for 127.0.0.1 at 2015-09-24 21:35:29 -0700


Started GET "/assets/application.js?body=1" for 127.0.0.1 at 2015-09-24 21:35:29 -0700


Started GET "/assets/jquery_ujs.js?body=1" for 127.0.0.1 at 2015-09-24 21:35:29 -0700


Started GET "/assets/turbolinks.js?body=1" for 127.0.0.1 at 2015-09-24 21:35:29 -0700


Started GET "/assets/application.css?body=1" for 127.0.0.1 at 2015-09-24 21:35:29 -0700


Started POST "/stringify" for 127.0.0.1 at 2015-09-24 21:35:31 -0700

ActionController::RoutingError (No route matches [POST] "/stringify"):
  actionpack (4.1.6) lib/action_dispatch/middleware/debug_exceptions.rb:21:in `call'
  actionpack (4.1.6) lib/action_dispatch/middleware/show_exceptions.rb:30:in `call'
  railties (4.1.6) lib/rails/rack/logger.rb:38:in `call_app'
  railties (4.1.6) lib/rails/rack/logger.rb:20:in `block in call'
  activesupport (4.1.6) lib/active_support/tagged_logging.rb:68:in `block in tagged'
  activesupport (4.1.6) lib/active_support/tagged_logging.rb:26:in `tagged'
  activesupport (4.1.6) lib/active_support/tagged_logging.rb:68:in `tagged'
  railties (4.1.6) lib/rails/rack/logger.rb:20:in `call'
  actionpack (4.1.6) lib/action_dispatch/middleware/request_id.rb:21:in `call'
  rack (1.5.2) lib/rack/methodoverride.rb:21:in `call'
  rack (1.5.2) lib/rack/runtime.rb:17:in `call'
  activesupport (4.1.6) lib/active_support/cache/strategy/local_cache_middleware.rb:26:in `call'
  rack (1.5.2) lib/rack/lock.rb:17:in `call'
  actionpack (4.1.6) lib/action_dispatch/middleware/static.rb:64:in `call'
  rack (1.5.2) lib/rack/sendfile.rb:112:in `call'
  railties (4.1.6) lib/rails/engine.rb:514:in `call'
  railties (4.1.6) lib/rails/application.rb:144:in `call'
  rack (1.5.2) lib/rack/lock.rb:17:in `call'
  rack (1.5.2) lib/rack/content_length.rb:14:in `call'
  rack (1.5.2) lib/rack/handler/webrick.rb:60:in `service'
  /Users/akritisingh/.rvm/rubies/ruby-2.2.0/lib/ruby/2.2.0/webrick/httpserver.rb:138:in `service'
  /Users/akritisingh/.rvm/rubies/ruby-2.2.0/lib/ruby/2.2.0/webrick/httpserver.rb:94:in `run'
  /Users/akritisingh/.rvm/rubies/ruby-2.2.0/lib/ruby/2.2.0/webrick/server.rb:294:in `block in start_thread'


  Rendered /Users/akritisingh/.rvm/gems/ruby-2.2.0@rails_decal/gems/actionpack-4.1.6/lib/action_dispatch/middleware/templates/rescues/_trace.html.erb (2.0ms)
  Rendered /Users/akritisingh/.rvm/gems/ruby-2.2.0@rails_decal/gems/actionpack-4.1.6/lib/action_dispatch/middleware/templates/routes/_route.html.erb (0.7ms)
  Rendered /Users/akritisingh/.rvm/gems/ruby-2.2.0@rails_decal/gems/actionpack-4.1.6/lib/action_dispatch/middleware/templates/routes/_table.html.erb (1.0ms)
  Rendered /Users/akritisingh/.rvm/gems/ruby-2.2.0@rails_decal/gems/actionpack-4.1.6/lib/action_dispatch/middleware/templates/rescues/routing_error.html.erb within rescues/layout (50.1ms)


Started PUT "/age" for 127.0.0.1 at 2015-09-24 21:35:35 -0700

ActionController::RoutingError (No route matches [PUT] "/age"):
  actionpack (4.1.6) lib/action_dispatch/middleware/debug_exceptions.rb:21:in `call'
  actionpack (4.1.6) lib/action_dispatch/middleware/show_exceptions.rb:30:in `call'
  railties (4.1.6) lib/rails/rack/logger.rb:38:in `call_app'
  railties (4.1.6) lib/rails/rack/logger.rb:20:in `block in call'
  activesupport (4.1.6) lib/active_support/tagged_logging.rb:68:in `block in tagged'
  activesupport (4.1.6) lib/active_support/tagged_logging.rb:26:in `tagged'
  activesupport (4.1.6) lib/active_support/tagged_logging.rb:68:in `tagged'
  railties (4.1.6) lib/rails/rack/logger.rb:20:in `call'
  actionpack (4.1.6) lib/action_dispatch/middleware/request_id.rb:21:in `call'
  rack (1.5.2) lib/rack/methodoverride.rb:21:in `call'
  rack (1.5.2) lib/rack/runtime.rb:17:in `call'
  activesupport (4.1.6) lib/active_support/cache/strategy/local_cache_middleware.rb:26:in `call'
  rack (1.5.2) lib/rack/lock.rb:17:in `call'
  actionpack (4.1.6) lib/action_dispatch/middleware/static.rb:64:in `call'
  rack (1.5.2) lib/rack/sendfile.rb:112:in `call'
  railties (4.1.6) lib/rails/engine.rb:514:in `call'
  railties (4.1.6) lib/rails/application.rb:144:in `call'
  rack (1.5.2) lib/rack/lock.rb:17:in `call'
  rack (1.5.2) lib/rack/content_length.rb:14:in `call'
  rack (1.5.2) lib/rack/handler/webrick.rb:60:in `service'
  /Users/akritisingh/.rvm/rubies/ruby-2.2.0/lib/ruby/2.2.0/webrick/httpserver.rb:138:in `service'
  /Users/akritisingh/.rvm/rubies/ruby-2.2.0/lib/ruby/2.2.0/webrick/httpserver.rb:94:in `run'
  /Users/akritisingh/.rvm/rubies/ruby-2.2.0/lib/ruby/2.2.0/webrick/server.rb:294:in `block in start_thread'


  Rendered /Users/akritisingh/.rvm/gems/ruby-2.2.0@rails_decal/gems/actionpack-4.1.6/lib/action_dispatch/middleware/templates/rescues/_trace.html.erb (1.2ms)
  Rendered /Users/akritisingh/.rvm/gems/ruby-2.2.0@rails_decal/gems/actionpack-4.1.6/lib/action_dispatch/middleware/templates/routes/_route.html.erb (0.8ms)
  Rendered /Users/akritisingh/.rvm/gems/ruby-2.2.0@rails_decal/gems/actionpack-4.1.6/lib/action_dispatch/middleware/templates/routes/_table.html.erb (1.4ms)
  Rendered /Users/akritisingh/.rvm/gems/ruby-2.2.0@rails_decal/gems/actionpack-4.1.6/lib/action_dispatch/middleware/templates/rescues/routing_error.html.erb within rescues/layout (47.5ms)


Started POST "/stringify" for 127.0.0.1 at 2015-09-24 21:35:49 -0700

ActionController::RoutingError (No route matches [POST] "/stringify"):
  actionpack (4.1.6) lib/action_dispatch/middleware/debug_exceptions.rb:21:in `call'
  actionpack (4.1.6) lib/action_dispatch/middleware/show_exceptions.rb:30:in `call'
  railties (4.1.6) lib/rails/rack/logger.rb:38:in `call_app'
  railties (4.1.6) lib/rails/rack/logger.rb:20:in `block in call'
  activesupport (4.1.6) lib/active_support/tagged_logging.rb:68:in `block in tagged'
  activesupport (4.1.6) lib/active_support/tagged_logging.rb:26:in `tagged'
  activesupport (4.1.6) lib/active_support/tagged_logging.rb:68:in `tagged'
  railties (4.1.6) lib/rails/rack/logger.rb:20:in `call'
  actionpack (4.1.6) lib/action_dispatch/middleware/request_id.rb:21:in `call'
  rack (1.5.2) lib/rack/methodoverride.rb:21:in `call'
  rack (1.5.2) lib/rack/runtime.rb:17:in `call'
  activesupport (4.1.6) lib/active_support/cache/strategy/local_cache_middleware.rb:26:in `call'
  rack (1.5.2) lib/rack/lock.rb:17:in `call'
  actionpack (4.1.6) lib/action_dispatch/middleware/static.rb:64:in `call'
  rack (1.5.2) lib/rack/sendfile.rb:112:in `call'
  railties (4.1.6) lib/rails/engine.rb:514:in `call'
  railties (4.1.6) lib/rails/application.rb:144:in `call'
  rack (1.5.2) lib/rack/lock.rb:17:in `call'
  rack (1.5.2) lib/rack/content_length.rb:14:in `call'
  rack (1.5.2) lib/rack/handler/webrick.rb:60:in `service'
  /Users/akritisingh/.rvm/rubies/ruby-2.2.0/lib/ruby/2.2.0/webrick/httpserver.rb:138:in `service'
  /Users/akritisingh/.rvm/rubies/ruby-2.2.0/lib/ruby/2.2.0/webrick/httpserver.rb:94:in `run'
  /Users/akritisingh/.rvm/rubies/ruby-2.2.0/lib/ruby/2.2.0/webrick/server.rb:294:in `block in start_thread'


  Rendered /Users/akritisingh/.rvm/gems/ruby-2.2.0@rails_decal/gems/actionpack-4.1.6/lib/action_dispatch/middleware/templates/rescues/_trace.html.erb (1.2ms)
  Rendered /Users/akritisingh/.rvm/gems/ruby-2.2.0@rails_decal/gems/actionpack-4.1.6/lib/action_dispatch/middleware/templates/routes/_route.html.erb (0.8ms)
  Rendered /Users/akritisingh/.rvm/gems/ruby-2.2.0@rails_decal/gems/actionpack-4.1.6/lib/action_dispatch/middleware/templates/routes/_table.html.erb (1.1ms)
  Rendered /Users/akritisingh/.rvm/gems/ruby-2.2.0@rails_decal/gems/actionpack-4.1.6/lib/action_dispatch/middleware/templates/rescues/routing_error.html.erb within rescues/layout (47.3ms)


Started POST "/stringify" for 127.0.0.1 at 2015-09-24 21:36:27 -0700

ActionController::RoutingError (No route matches [POST] "/stringify"):
  actionpack (4.1.6) lib/action_dispatch/middleware/debug_exceptions.rb:21:in `call'
  actionpack (4.1.6) lib/action_dispatch/middleware/show_exceptions.rb:30:in `call'
  railties (4.1.6) lib/rails/rack/logger.rb:38:in `call_app'
  railties (4.1.6) lib/rails/rack/logger.rb:20:in `block in call'
  activesupport (4.1.6) lib/active_support/tagged_logging.rb:68:in `block in tagged'
  activesupport (4.1.6) lib/active_support/tagged_logging.rb:26:in `tagged'
  activesupport (4.1.6) lib/active_support/tagged_logging.rb:68:in `tagged'
  railties (4.1.6) lib/rails/rack/logger.rb:20:in `call'
  actionpack (4.1.6) lib/action_dispatch/middleware/request_id.rb:21:in `call'
  rack (1.5.2) lib/rack/methodoverride.rb:21:in `call'
  rack (1.5.2) lib/rack/runtime.rb:17:in `call'
  activesupport (4.1.6) lib/active_support/cache/strategy/local_cache_middleware.rb:26:in `call'
  rack (1.5.2) lib/rack/lock.rb:17:in `call'
  actionpack (4.1.6) lib/action_dispatch/middleware/static.rb:64:in `call'
  rack (1.5.2) lib/rack/sendfile.rb:112:in `call'
  railties (4.1.6) lib/rails/engine.rb:514:in `call'
  railties (4.1.6) lib/rails/application.rb:144:in `call'
  rack (1.5.2) lib/rack/lock.rb:17:in `call'
  rack (1.5.2) lib/rack/content_length.rb:14:in `call'
  rack (1.5.2) lib/rack/handler/webrick.rb:60:in `service'
  /Users/akritisingh/.rvm/rubies/ruby-2.2.0/lib/ruby/2.2.0/webrick/httpserver.rb:138:in `service'
  /Users/akritisingh/.rvm/rubies/ruby-2.2.0/lib/ruby/2.2.0/webrick/httpserver.rb:94:in `run'
  /Users/akritisingh/.rvm/rubies/ruby-2.2.0/lib/ruby/2.2.0/webrick/server.rb:294:in `block in start_thread'


  Rendered /Users/akritisingh/.rvm/gems/ruby-2.2.0@rails_decal/gems/actionpack-4.1.6/lib/action_dispatch/middleware/templates/rescues/_trace.html.erb (1.1ms)
  Rendered /Users/akritisingh/.rvm/gems/ruby-2.2.0@rails_decal/gems/actionpack-4.1.6/lib/action_dispatch/middleware/templates/routes/_route.html.erb (1.5ms)
  Rendered /Users/akritisingh/.rvm/gems/ruby-2.2.0@rails_decal/gems/actionpack-4.1.6/lib/action_dispatch/middleware/templates/routes/_table.html.erb (1.0ms)
  Rendered /Users/akritisingh/.rvm/gems/ruby-2.2.0@rails_decal/gems/actionpack-4.1.6/lib/action_dispatch/middleware/templates/rescues/routing_error.html.erb within rescues/layout (68.3ms)


Started GET "/" for 127.0.0.1 at 2015-09-24 21:37:16 -0700
Processing by PagesController#home as HTML
  Rendered pages/home.html.erb within layouts/application (0.9ms)
Completed 200 OK in 23ms (Views: 22.3ms | ActiveRecord: 0.0ms)


Started GET "/assets/application.css?body=1" for 127.0.0.1 at 2015-09-24 21:37:16 -0700


Started GET "/assets/jquery.js?body=1" for 127.0.0.1 at 2015-09-24 21:37:16 -0700


Started GET "/assets/jquery_ujs.js?body=1" for 127.0.0.1 at 2015-09-24 21:37:16 -0700


Started GET "/assets/turbolinks.js?body=1" for 127.0.0.1 at 2015-09-24 21:37:16 -0700


Started GET "/assets/application.js?body=1" for 127.0.0.1 at 2015-09-24 21:37:16 -0700


Started POST "/stringify" for 127.0.0.1 at 2015-09-24 21:37:19 -0700

ActionController::RoutingError (No route matches [POST] "/stringify"):
  actionpack (4.1.6) lib/action_dispatch/middleware/debug_exceptions.rb:21:in `call'
  actionpack (4.1.6) lib/action_dispatch/middleware/show_exceptions.rb:30:in `call'
  railties (4.1.6) lib/rails/rack/logger.rb:38:in `call_app'
  railties (4.1.6) lib/rails/rack/logger.rb:20:in `block in call'
  activesupport (4.1.6) lib/active_support/tagged_logging.rb:68:in `block in tagged'
  activesupport (4.1.6) lib/active_support/tagged_logging.rb:26:in `tagged'
  activesupport (4.1.6) lib/active_support/tagged_logging.rb:68:in `tagged'
  railties (4.1.6) lib/rails/rack/logger.rb:20:in `call'
  actionpack (4.1.6) lib/action_dispatch/middleware/request_id.rb:21:in `call'
  rack (1.5.2) lib/rack/methodoverride.rb:21:in `call'
  rack (1.5.2) lib/rack/runtime.rb:17:in `call'
  activesupport (4.1.6) lib/active_support/cache/strategy/local_cache_middleware.rb:26:in `call'
  rack (1.5.2) lib/rack/lock.rb:17:in `call'
  actionpack (4.1.6) lib/action_dispatch/middleware/static.rb:64:in `call'
  rack (1.5.2) lib/rack/sendfile.rb:112:in `call'
  railties (4.1.6) lib/rails/engine.rb:514:in `call'
  railties (4.1.6) lib/rails/application.rb:144:in `call'
  rack (1.5.2) lib/rack/lock.rb:17:in `call'
  rack (1.5.2) lib/rack/content_length.rb:14:in `call'
  rack (1.5.2) lib/rack/handler/webrick.rb:60:in `service'
  /Users/akritisingh/.rvm/rubies/ruby-2.2.0/lib/ruby/2.2.0/webrick/httpserver.rb:138:in `service'
  /Users/akritisingh/.rvm/rubies/ruby-2.2.0/lib/ruby/2.2.0/webrick/httpserver.rb:94:in `run'
  /Users/akritisingh/.rvm/rubies/ruby-2.2.0/lib/ruby/2.2.0/webrick/server.rb:294:in `block in start_thread'


  Rendered /Users/akritisingh/.rvm/gems/ruby-2.2.0@rails_decal/gems/actionpack-4.1.6/lib/action_dispatch/middleware/templates/rescues/_trace.html.erb (1.2ms)
  Rendered /Users/akritisingh/.rvm/gems/ruby-2.2.0@rails_decal/gems/actionpack-4.1.6/lib/action_dispatch/middleware/templates/routes/_route.html.erb (0.8ms)
  Rendered /Users/akritisingh/.rvm/gems/ruby-2.2.0@rails_decal/gems/actionpack-4.1.6/lib/action_dispatch/middleware/templates/routes/_table.html.erb (0.9ms)
  Rendered /Users/akritisingh/.rvm/gems/ruby-2.2.0@rails_decal/gems/actionpack-4.1.6/lib/action_dispatch/middleware/templates/rescues/routing_error.html.erb within rescues/layout (44.2ms)


Started POST "/stringify" for 127.0.0.1 at 2015-09-24 21:37:46 -0700

ActionController::RoutingError (No route matches [POST] "/stringify"):
  actionpack (4.1.6) lib/action_dispatch/middleware/debug_exceptions.rb:21:in `call'
  actionpack (4.1.6) lib/action_dispatch/middleware/show_exceptions.rb:30:in `call'
  railties (4.1.6) lib/rails/rack/logger.rb:38:in `call_app'
  railties (4.1.6) lib/rails/rack/logger.rb:20:in `block in call'
  activesupport (4.1.6) lib/active_support/tagged_logging.rb:68:in `block in tagged'
  activesupport (4.1.6) lib/active_support/tagged_logging.rb:26:in `tagged'
  activesupport (4.1.6) lib/active_support/tagged_logging.rb:68:in `tagged'
  railties (4.1.6) lib/rails/rack/logger.rb:20:in `call'
  actionpack (4.1.6) lib/action_dispatch/middleware/request_id.rb:21:in `call'
  rack (1.5.2) lib/rack/methodoverride.rb:21:in `call'
  rack (1.5.2) lib/rack/runtime.rb:17:in `call'
  activesupport (4.1.6) lib/active_support/cache/strategy/local_cache_middleware.rb:26:in `call'
  rack (1.5.2) lib/rack/lock.rb:17:in `call'
  actionpack (4.1.6) lib/action_dispatch/middleware/static.rb:64:in `call'
  rack (1.5.2) lib/rack/sendfile.rb:112:in `call'
  railties (4.1.6) lib/rails/engine.rb:514:in `call'
  railties (4.1.6) lib/rails/application.rb:144:in `call'
  rack (1.5.2) lib/rack/lock.rb:17:in `call'
  rack (1.5.2) lib/rack/content_length.rb:14:in `call'
  rack (1.5.2) lib/rack/handler/webrick.rb:60:in `service'
  /Users/akritisingh/.rvm/rubies/ruby-2.2.0/lib/ruby/2.2.0/webrick/httpserver.rb:138:in `service'
  /Users/akritisingh/.rvm/rubies/ruby-2.2.0/lib/ruby/2.2.0/webrick/httpserver.rb:94:in `run'
  /Users/akritisingh/.rvm/rubies/ruby-2.2.0/lib/ruby/2.2.0/webrick/server.rb:294:in `block in start_thread'


  Rendered /Users/akritisingh/.rvm/gems/ruby-2.2.0@rails_decal/gems/actionpack-4.1.6/lib/action_dispatch/middleware/templates/rescues/_trace.html.erb (1.0ms)
  Rendered /Users/akritisingh/.rvm/gems/ruby-2.2.0@rails_decal/gems/actionpack-4.1.6/lib/action_dispatch/middleware/templates/routes/_route.html.erb (0.8ms)
  Rendered /Users/akritisingh/.rvm/gems/ruby-2.2.0@rails_decal/gems/actionpack-4.1.6/lib/action_dispatch/middleware/templates/routes/_table.html.erb (1.0ms)
  Rendered /Users/akritisingh/.rvm/gems/ruby-2.2.0@rails_decal/gems/actionpack-4.1.6/lib/action_dispatch/middleware/templates/rescues/routing_error.html.erb within rescues/layout (50.7ms)


Started POST "/stringify" for 127.0.0.1 at 2015-09-24 21:38:09 -0700
Processing by PagesController#stringify as HTML
  Parameters: {"utf8"=>"✓", "authenticity_token"=>"l1jlKhCNwKCejUl6uM8ev1guTvsFESqgYiWSYpbFHD0=", "name"=>"", "adjective"=>"", "commit"=>"Stringify!"}
  Rendered pages/stringify.html.erb within layouts/application (0.5ms)
Completed 200 OK in 35ms (Views: 33.7ms | ActiveRecord: 0.0ms)


Started GET "/assets/application.css?body=1" for 127.0.0.1 at 2015-09-24 21:38:09 -0700


Started GET "/assets/jquery_ujs.js?body=1" for 127.0.0.1 at 2015-09-24 21:38:09 -0700


Started GET "/assets/jquery.js?body=1" for 127.0.0.1 at 2015-09-24 21:38:09 -0700


Started GET "/assets/application.js?body=1" for 127.0.0.1 at 2015-09-24 21:38:09 -0700


Started GET "/assets/turbolinks.js?body=1" for 127.0.0.1 at 2015-09-24 21:38:09 -0700


Started POST "/stringify" for 127.0.0.1 at 2015-09-24 21:38:13 -0700
Processing by PagesController#stringify as HTML
  Parameters: {"utf8"=>"✓", "authenticity_token"=>"l1jlKhCNwKCejUl6uM8ev1guTvsFESqgYiWSYpbFHD0=", "name"=>"", "adjective"=>"", "commit"=>"Stringify!"}
  Rendered pages/stringify.html.erb within layouts/application (0.1ms)
Completed 200 OK in 26ms (Views: 25.8ms | ActiveRecord: 0.0ms)


Started GET "/assets/application.css?body=1" for 127.0.0.1 at 2015-09-24 21:38:13 -0700


Started GET "/assets/jquery.js?body=1" for 127.0.0.1 at 2015-09-24 21:38:13 -0700


Started GET "/assets/jquery_ujs.js?body=1" for 127.0.0.1 at 2015-09-24 21:38:13 -0700


Started GET "/assets/turbolinks.js?body=1" for 127.0.0.1 at 2015-09-24 21:38:13 -0700


Started GET "/assets/application.js?body=1" for 127.0.0.1 at 2015-09-24 21:38:13 -0700


Started GET "/" for 127.0.0.1 at 2015-09-24 21:41:25 -0700

SyntaxError - /Users/akritisingh/Downloads/fa15-hw2-master/app/controllers/pages_controller.rb:19: syntax error, unexpected end-of-input, expecting keyword_end:
  activesupport (4.1.6) lib/active_support/dependencies.rb:443:in `'
  activesupport (4.1.6) lib/active_support/dependencies.rb:443:in `block in load_file'
  activesupport (4.1.6) lib/active_support/dependencies.rb:633:in `new_constants_in'
  activesupport (4.1.6) lib/active_support/dependencies.rb:442:in `load_file'
  activesupport (4.1.6) lib/active_support/dependencies.rb:342:in `require_or_load'
  activesupport (4.1.6) lib/active_support/dependencies.rb:480:in `load_missing_constant'
  activesupport (4.1.6) lib/active_support/dependencies.rb:180:in `const_missing'
  activesupport (4.1.6) lib/active_support/inflector/methods.rb:238:in `block in constantize'
  activesupport (4.1.6) lib/active_support/inflector/methods.rb:236:in `constantize'
  activesupport (4.1.6) lib/active_support/dependencies.rb:552:in `get'
  activesupport (4.1.6) lib/active_support/dependencies.rb:583:in `constantize'
  actionpack (4.1.6) lib/action_dispatch/routing/route_set.rb:78:in `controller_reference'
  actionpack (4.1.6) lib/action_dispatch/routing/route_set.rb:68:in `controller'
  actionpack (4.1.6) lib/action_dispatch/routing/route_set.rb:46:in `call'
  actionpack (4.1.6) lib/action_dispatch/journey/router.rb:73:in `block in call'
  actionpack (4.1.6) lib/action_dispatch/journey/router.rb:59:in `call'
  actionpack (4.1.6) lib/action_dispatch/routing/route_set.rb:678:in `call'
  rack (1.5.2) lib/rack/etag.rb:23:in `call'
  rack (1.5.2) lib/rack/conditionalget.rb:25:in `call'
  rack (1.5.2) lib/rack/head.rb:11:in `call'
  actionpack (4.1.6) lib/action_dispatch/middleware/params_parser.rb:27:in `call'
  actionpack (4.1.6) lib/action_dispatch/middleware/flash.rb:254:in `call'
  rack (1.5.2) lib/rack/session/abstract/id.rb:225:in `context'
  rack (1.5.2) lib/rack/session/abstract/id.rb:220:in `call'
  actionpack (4.1.6) lib/action_dispatch/middleware/cookies.rb:560:in `call'
  activerecord (4.1.6) lib/active_record/query_cache.rb:36:in `call'
  activerecord (4.1.6) lib/active_record/connection_adapters/abstract/connection_pool.rb:621:in `call'
  activerecord (4.1.6) lib/active_record/migration.rb:380:in `call'
  actionpack (4.1.6) lib/action_dispatch/middleware/callbacks.rb:29:in `block in call'
  activesupport (4.1.6) lib/active_support/callbacks.rb:82:in `run_callbacks'
  actionpack (4.1.6) lib/action_dispatch/middleware/callbacks.rb:27:in `call'
  actionpack (4.1.6) lib/action_dispatch/middleware/reloader.rb:73:in `call'
  actionpack (4.1.6) lib/action_dispatch/middleware/remote_ip.rb:76:in `call'
  better_errors (1.1.0) lib/better_errors/middleware.rb:84:in `protected_app_call'
  better_errors (1.1.0) lib/better_errors/middleware.rb:79:in `better_errors_call'
  better_errors (1.1.0) lib/better_errors/middleware.rb:56:in `call'
  actionpack (4.1.6) lib/action_dispatch/middleware/debug_exceptions.rb:17:in `call'
  actionpack (4.1.6) lib/action_dispatch/middleware/show_exceptions.rb:30:in `call'
  railties (4.1.6) lib/rails/rack/logger.rb:38:in `call_app'
  railties (4.1.6) lib/rails/rack/logger.rb:20:in `block in call'
  activesupport (4.1.6) lib/active_support/tagged_logging.rb:68:in `block in tagged'
  activesupport (4.1.6) lib/active_support/tagged_logging.rb:26:in `tagged'
  activesupport (4.1.6) lib/active_support/tagged_logging.rb:68:in `tagged'
  railties (4.1.6) lib/rails/rack/logger.rb:20:in `call'
  actionpack (4.1.6) lib/action_dispatch/middleware/request_id.rb:21:in `call'
  rack (1.5.2) lib/rack/methodoverride.rb:21:in `call'
  rack (1.5.2) lib/rack/runtime.rb:17:in `call'
  activesupport (4.1.6) lib/active_support/cache/strategy/local_cache_middleware.rb:26:in `call'
  rack (1.5.2) lib/rack/lock.rb:17:in `call'
  actionpack (4.1.6) lib/action_dispatch/middleware/static.rb:64:in `call'
  rack (1.5.2) lib/rack/sendfile.rb:112:in `call'
  railties (4.1.6) lib/rails/engine.rb:514:in `call'
  railties (4.1.6) lib/rails/application.rb:144:in `call'
  rack (1.5.2) lib/rack/lock.rb:17:in `call'
  rack (1.5.2) lib/rack/content_length.rb:14:in `call'
  rack (1.5.2) lib/rack/handler/webrick.rb:60:in `service'
  /Users/akritisingh/.rvm/rubies/ruby-2.2.0/lib/ruby/2.2.0/webrick/httpserver.rb:138:in `service'
  /Users/akritisingh/.rvm/rubies/ruby-2.2.0/lib/ruby/2.2.0/webrick/httpserver.rb:94:in `run'
  /Users/akritisingh/.rvm/rubies/ruby-2.2.0/lib/ruby/2.2.0/webrick/server.rb:294:in `block in start_thread'



Started POST "/__better_errors/70149207704880/variables" for 127.0.0.1 at 2015-09-24 21:41:25 -0700


Started GET "/" for 127.0.0.1 at 2015-09-24 21:41:45 -0700

SyntaxError - /Users/akritisingh/Downloads/fa15-hw2-master/app/controllers/pages_controller.rb:21: syntax error, unexpected keyword_end, expecting end-of-input:
  activesupport (4.1.6) lib/active_support/dependencies.rb:443:in `'
  activesupport (4.1.6) lib/active_support/dependencies.rb:443:in `block in load_file'
  activesupport (4.1.6) lib/active_support/dependencies.rb:633:in `new_constants_in'
  activesupport (4.1.6) lib/active_support/dependencies.rb:442:in `load_file'
  activesupport (4.1.6) lib/active_support/dependencies.rb:342:in `require_or_load'
  activesupport (4.1.6) lib/active_support/dependencies.rb:480:in `load_missing_constant'
  activesupport (4.1.6) lib/active_support/dependencies.rb:180:in `const_missing'
  activesupport (4.1.6) lib/active_support/inflector/methods.rb:238:in `block in constantize'
  activesupport (4.1.6) lib/active_support/inflector/methods.rb:236:in `constantize'
  activesupport (4.1.6) lib/active_support/dependencies.rb:552:in `get'
  activesupport (4.1.6) lib/active_support/dependencies.rb:583:in `constantize'
  actionpack (4.1.6) lib/action_dispatch/routing/route_set.rb:78:in `controller_reference'
  actionpack (4.1.6) lib/action_dispatch/routing/route_set.rb:68:in `controller'
  actionpack (4.1.6) lib/action_dispatch/routing/route_set.rb:46:in `call'
  actionpack (4.1.6) lib/action_dispatch/journey/router.rb:73:in `block in call'
  actionpack (4.1.6) lib/action_dispatch/journey/router.rb:59:in `call'
  actionpack (4.1.6) lib/action_dispatch/routing/route_set.rb:678:in `call'
  rack (1.5.2) lib/rack/etag.rb:23:in `call'
  rack (1.5.2) lib/rack/conditionalget.rb:25:in `call'
  rack (1.5.2) lib/rack/head.rb:11:in `call'
  actionpack (4.1.6) lib/action_dispatch/middleware/params_parser.rb:27:in `call'
  actionpack (4.1.6) lib/action_dispatch/middleware/flash.rb:254:in `call'
  rack (1.5.2) lib/rack/session/abstract/id.rb:225:in `context'
  rack (1.5.2) lib/rack/session/abstract/id.rb:220:in `call'
  actionpack (4.1.6) lib/action_dispatch/middleware/cookies.rb:560:in `call'
  activerecord (4.1.6) lib/active_record/query_cache.rb:36:in `call'
  activerecord (4.1.6) lib/active_record/connection_adapters/abstract/connection_pool.rb:621:in `call'
  activerecord (4.1.6) lib/active_record/migration.rb:380:in `call'
  actionpack (4.1.6) lib/action_dispatch/middleware/callbacks.rb:29:in `block in call'
  activesupport (4.1.6) lib/active_support/callbacks.rb:82:in `run_callbacks'
  actionpack (4.1.6) lib/action_dispatch/middleware/callbacks.rb:27:in `call'
  actionpack (4.1.6) lib/action_dispatch/middleware/reloader.rb:73:in `call'
  actionpack (4.1.6) lib/action_dispatch/middleware/remote_ip.rb:76:in `call'
  better_errors (1.1.0) lib/better_errors/middleware.rb:84:in `protected_app_call'
  better_errors (1.1.0) lib/better_errors/middleware.rb:79:in `better_errors_call'
  better_errors (1.1.0) lib/better_errors/middleware.rb:56:in `call'
  actionpack (4.1.6) lib/action_dispatch/middleware/debug_exceptions.rb:17:in `call'
  actionpack (4.1.6) lib/action_dispatch/middleware/show_exceptions.rb:30:in `call'
  railties (4.1.6) lib/rails/rack/logger.rb:38:in `call_app'
  railties (4.1.6) lib/rails/rack/logger.rb:20:in `block in call'
  activesupport (4.1.6) lib/active_support/tagged_logging.rb:68:in `block in tagged'
  activesupport (4.1.6) lib/active_support/tagged_logging.rb:26:in `tagged'
  activesupport (4.1.6) lib/active_support/tagged_logging.rb:68:in `tagged'
  railties (4.1.6) lib/rails/rack/logger.rb:20:in `call'
  actionpack (4.1.6) lib/action_dispatch/middleware/request_id.rb:21:in `call'
  rack (1.5.2) lib/rack/methodoverride.rb:21:in `call'
  rack (1.5.2) lib/rack/runtime.rb:17:in `call'
  activesupport (4.1.6) lib/active_support/cache/strategy/local_cache_middleware.rb:26:in `call'
  rack (1.5.2) lib/rack/lock.rb:17:in `call'
  actionpack (4.1.6) lib/action_dispatch/middleware/static.rb:64:in `call'
  rack (1.5.2) lib/rack/sendfile.rb:112:in `call'
  railties (4.1.6) lib/rails/engine.rb:514:in `call'
  railties (4.1.6) lib/rails/application.rb:144:in `call'
  rack (1.5.2) lib/rack/lock.rb:17:in `call'
  rack (1.5.2) lib/rack/content_length.rb:14:in `call'
  rack (1.5.2) lib/rack/handler/webrick.rb:60:in `service'
  /Users/akritisingh/.rvm/rubies/ruby-2.2.0/lib/ruby/2.2.0/webrick/httpserver.rb:138:in `service'
  /Users/akritisingh/.rvm/rubies/ruby-2.2.0/lib/ruby/2.2.0/webrick/httpserver.rb:94:in `run'
  /Users/akritisingh/.rvm/rubies/ruby-2.2.0/lib/ruby/2.2.0/webrick/server.rb:294:in `block in start_thread'



Started POST "/__better_errors/70149196967280/variables" for 127.0.0.1 at 2015-09-24 21:41:45 -0700


Started GET "/" for 127.0.0.1 at 2015-09-24 21:42:28 -0700
Processing by PagesController#home as HTML
  Rendered pages/home.html.erb within layouts/application (1.6ms)
Completed 200 OK in 43ms (Views: 42.2ms | ActiveRecord: 0.0ms)


Started GET "/assets/application.css?body=1" for 127.0.0.1 at 2015-09-24 21:42:29 -0700


Started GET "/assets/turbolinks.js?body=1" for 127.0.0.1 at 2015-09-24 21:42:29 -0700


Started GET "/assets/jquery_ujs.js?body=1" for 127.0.0.1 at 2015-09-24 21:42:29 -0700


Started GET "/assets/jquery.js?body=1" for 127.0.0.1 at 2015-09-24 21:42:29 -0700


Started GET "/assets/application.js?body=1" for 127.0.0.1 at 2015-09-24 21:42:29 -0700


Started POST "/stringify" for 127.0.0.1 at 2015-09-24 21:42:31 -0700
Processing by PagesController#stringify as HTML
  Parameters: {"utf8"=>"✓", "authenticity_token"=>"l1jlKhCNwKCejUl6uM8ev1guTvsFESqgYiWSYpbFHD0=", "name"=>"", "adjective"=>"", "commit"=>"Stringify!"}
  Rendered pages/stringify.html.erb within layouts/application (0.1ms)
Completed 200 OK in 27ms (Views: 26.3ms | ActiveRecord: 0.0ms)


Started GET "/assets/application.css?body=1" for 127.0.0.1 at 2015-09-24 21:42:31 -0700


Started GET "/assets/jquery.js?body=1" for 127.0.0.1 at 2015-09-24 21:42:31 -0700


Started GET "/assets/application.js?body=1" for 127.0.0.1 at 2015-09-24 21:42:31 -0700


Started GET "/assets/turbolinks.js?body=1" for 127.0.0.1 at 2015-09-24 21:42:31 -0700


Started GET "/assets/jquery_ujs.js?body=1" for 127.0.0.1 at 2015-09-24 21:42:31 -0700


Started POST "/stringify" for 127.0.0.1 at 2015-09-24 21:42:38 -0700
Processing by PagesController#stringify as HTML
  Parameters: {"utf8"=>"✓", "authenticity_token"=>"l1jlKhCNwKCejUl6uM8ev1guTvsFESqgYiWSYpbFHD0=", "name"=>"ds", "adjective"=>"da", "commit"=>"Stringify!"}
  Rendered pages/stringify.html.erb within layouts/application (0.1ms)
Completed 200 OK in 27ms (Views: 26.1ms | ActiveRecord: 0.0ms)


Started GET "/assets/jquery.js?body=1" for 127.0.0.1 at 2015-09-24 21:42:38 -0700


Started GET "/assets/turbolinks.js?body=1" for 127.0.0.1 at 2015-09-24 21:42:38 -0700


Started GET "/assets/application.css?body=1" for 127.0.0.1 at 2015-09-24 21:42:38 -0700


Started GET "/assets/jquery_ujs.js?body=1" for 127.0.0.1 at 2015-09-24 21:42:38 -0700


Started GET "/assets/application.js?body=1" for 127.0.0.1 at 2015-09-24 21:42:38 -0700


Started GET "/" for 127.0.0.1 at 2015-09-24 21:44:53 -0700
Processing by PagesController#home as HTML
  Rendered pages/home.html.erb within layouts/application (1.0ms)
Completed 200 OK in 25ms (Views: 24.8ms | ActiveRecord: 0.0ms)


Started GET "/assets/jquery.js?body=1" for 127.0.0.1 at 2015-09-24 21:44:54 -0700


Started GET "/assets/jquery_ujs.js?body=1" for 127.0.0.1 at 2015-09-24 21:44:54 -0700


Started GET "/assets/application.js?body=1" for 127.0.0.1 at 2015-09-24 21:44:54 -0700


Started GET "/assets/application.css?body=1" for 127.0.0.1 at 2015-09-24 21:44:54 -0700


Started GET "/assets/turbolinks.js?body=1" for 127.0.0.1 at 2015-09-24 21:44:54 -0700


Started POST "/stringify" for 127.0.0.1 at 2015-09-24 21:44:55 -0700
Processing by PagesController#stringify as HTML
  Parameters: {"utf8"=>"✓", "authenticity_token"=>"l1jlKhCNwKCejUl6uM8ev1guTvsFESqgYiWSYpbFHD0=", "name"=>"", "adjective"=>"", "commit"=>"Stringify!"}
  Rendered pages/stringify.html.erb within layouts/application (0.1ms)
Completed 200 OK in 26ms (Views: 25.1ms | ActiveRecord: 0.0ms)


Started GET "/assets/jquery.js?body=1" for 127.0.0.1 at 2015-09-24 21:44:55 -0700


Started GET "/assets/application.css?body=1" for 127.0.0.1 at 2015-09-24 21:44:55 -0700


Started GET "/assets/jquery_ujs.js?body=1" for 127.0.0.1 at 2015-09-24 21:44:55 -0700


Started GET "/assets/turbolinks.js?body=1" for 127.0.0.1 at 2015-09-24 21:44:55 -0700


Started GET "/assets/application.js?body=1" for 127.0.0.1 at 2015-09-24 21:44:55 -0700


Started POST "/stringify" for 127.0.0.1 at 2015-09-24 21:45:01 -0700
Processing by PagesController#stringify as HTML
  Parameters: {"utf8"=>"✓", "authenticity_token"=>"l1jlKhCNwKCejUl6uM8ev1guTvsFESqgYiWSYpbFHD0=", "name"=>"34", "adjective"=>"34", "commit"=>"Stringify!"}
  Rendered pages/stringify.html.erb within layouts/application (0.1ms)
Completed 200 OK in 30ms (Views: 29.1ms | ActiveRecord: 0.0ms)


Started GET "/assets/application.css?body=1" for 127.0.0.1 at 2015-09-24 21:45:01 -0700


Started GET "/assets/jquery_ujs.js?body=1" for 127.0.0.1 at 2015-09-24 21:45:01 -0700


Started GET "/assets/application.js?body=1" for 127.0.0.1 at 2015-09-24 21:45:01 -0700


Started GET "/assets/turbolinks.js?body=1" for 127.0.0.1 at 2015-09-24 21:45:01 -0700


Started GET "/assets/jquery.js?body=1" for 127.0.0.1 at 2015-09-24 21:45:01 -0700


Started POST "/stringify" for 127.0.0.1 at 2015-09-24 21:46:07 -0700
Processing by PagesController#stringify as HTML
  Parameters: {"utf8"=>"✓", "authenticity_token"=>"l1jlKhCNwKCejUl6uM8ev1guTvsFESqgYiWSYpbFHD0=", "name"=>"34", "adjective"=>"34", "commit"=>"Stringify!"}
  Rendered pages/stringify.html.erb within layouts/application (0.1ms)
Completed 200 OK in 24ms (Views: 23.0ms | ActiveRecord: 0.0ms)


Started GET "/assets/application.css?body=1" for 127.0.0.1 at 2015-09-24 21:46:07 -0700


Started GET "/assets/application.js?body=1" for 127.0.0.1 at 2015-09-24 21:46:07 -0700


Started GET "/assets/jquery_ujs.js?body=1" for 127.0.0.1 at 2015-09-24 21:46:07 -0700


Started GET "/assets/turbolinks.js?body=1" for 127.0.0.1 at 2015-09-24 21:46:07 -0700


Started GET "/assets/jquery.js?body=1" for 127.0.0.1 at 2015-09-24 21:46:07 -0700


Started POST "/stringify" for 127.0.0.1 at 2015-09-24 21:46:23 -0700
Processing by PagesController#stringify as HTML
  Parameters: {"utf8"=>"✓", "authenticity_token"=>"l1jlKhCNwKCejUl6uM8ev1guTvsFESqgYiWSYpbFHD0=", "name"=>"34", "adjective"=>"34", "commit"=>"Stringify!"}
  Rendered pages/stringify.html.erb within layouts/application (0.1ms)
Completed 200 OK in 29ms (Views: 28.6ms | ActiveRecord: 0.0ms)


Started GET "/assets/jquery.js?body=1" for 127.0.0.1 at 2015-09-24 21:46:23 -0700


Started GET "/assets/jquery_ujs.js?body=1" for 127.0.0.1 at 2015-09-24 21:46:23 -0700


Started GET "/assets/application.js?body=1" for 127.0.0.1 at 2015-09-24 21:46:23 -0700


Started GET "/assets/application.css?body=1" for 127.0.0.1 at 2015-09-24 21:46:23 -0700


Started GET "/assets/turbolinks.js?body=1" for 127.0.0.1 at 2015-09-24 21:46:23 -0700


Started POST "/stringify" for 127.0.0.1 at 2015-09-24 21:53:09 -0700
Processing by PagesController#stringify as HTML
  Parameters: {"utf8"=>"✓", "authenticity_token"=>"l1jlKhCNwKCejUl6uM8ev1guTvsFESqgYiWSYpbFHD0=", "name"=>"34", "adjective"=>"34", "commit"=>"Stringify!"}
  Rendered pages/stringify.html.erb within layouts/application (0.1ms)
Completed 200 OK in 25ms (Views: 24.0ms | ActiveRecord: 0.0ms)


Started GET "/assets/application.css?body=1" for 127.0.0.1 at 2015-09-24 21:53:09 -0700


Started GET "/assets/jquery.js?body=1" for 127.0.0.1 at 2015-09-24 21:53:09 -0700


Started GET "/assets/jquery_ujs.js?body=1" for 127.0.0.1 at 2015-09-24 21:53:09 -0700


Started GET "/assets/turbolinks.js?body=1" for 127.0.0.1 at 2015-09-24 21:53:09 -0700


Started GET "/assets/application.js?body=1" for 127.0.0.1 at 2015-09-24 21:53:09 -0700


Started GET "/" for 127.0.0.1 at 2015-09-24 21:53:14 -0700
Processing by PagesController#home as HTML
Completed 500 Internal Server Error in 2ms

SyntaxError - /Users/akritisingh/Downloads/fa15-hw2-master/app/controllers/concerns/foobar.rb:4: syntax error, unexpected keyword_end:
  activesupport (4.1.6) lib/active_support/dependencies.rb:443:in `'
  activesupport (4.1.6) lib/active_support/dependencies.rb:443:in `block in load_file'
  activesupport (4.1.6) lib/active_support/dependencies.rb:633:in `new_constants_in'
  activesupport (4.1.6) lib/active_support/dependencies.rb:442:in `load_file'
  activesupport (4.1.6) lib/active_support/dependencies.rb:342:in `require_or_load'
  activesupport (4.1.6) lib/active_support/dependencies.rb:480:in `load_missing_constant'
  activesupport (4.1.6) lib/active_support/dependencies.rb:180:in `const_missing'
  activesupport (4.1.6) lib/active_support/dependencies.rb:512:in `load_missing_constant'
  activesupport (4.1.6) lib/active_support/dependencies.rb:180:in `const_missing'
  app/controllers/pages_controller.rb:3:in `home'
  actionpack (4.1.6) lib/action_controller/metal/implicit_render.rb:4:in `send_action'
  actionpack (4.1.6) lib/abstract_controller/base.rb:189:in `process_action'
  actionpack (4.1.6) lib/action_controller/metal/rendering.rb:10:in `process_action'
  actionpack (4.1.6) lib/abstract_controller/callbacks.rb:20:in `block in process_action'
  activesupport (4.1.6) lib/active_support/callbacks.rb:113:in `call'
  activesupport (4.1.6) lib/active_support/callbacks.rb:229:in `block in halting'
  activesupport (4.1.6) lib/active_support/callbacks.rb:229:in `block in halting'
  activesupport (4.1.6) lib/active_support/callbacks.rb:166:in `block in halting'
  activesupport (4.1.6) lib/active_support/callbacks.rb:166:in `block in halting'
  activesupport (4.1.6) lib/active_support/callbacks.rb:166:in `block in halting'
  activesupport (4.1.6) lib/active_support/callbacks.rb:86:in `run_callbacks'
  actionpack (4.1.6) lib/abstract_controller/callbacks.rb:19:in `process_action'
  actionpack (4.1.6) lib/action_controller/metal/rescue.rb:29:in `process_action'
  actionpack (4.1.6) lib/action_controller/metal/instrumentation.rb:31:in `block in process_action'
  activesupport (4.1.6) lib/active_support/notifications.rb:159:in `block in instrument'
  activesupport (4.1.6) lib/active_support/notifications/instrumenter.rb:20:in `instrument'
  activesupport (4.1.6) lib/active_support/notifications.rb:159:in `instrument'
  actionpack (4.1.6) lib/action_controller/metal/instrumentation.rb:30:in `process_action'
  actionpack (4.1.6) lib/action_controller/metal/params_wrapper.rb:250:in `process_action'
  activerecord (4.1.6) lib/active_record/railties/controller_runtime.rb:18:in `process_action'
  actionpack (4.1.6) lib/abstract_controller/base.rb:136:in `process'
  actionview (4.1.6) lib/action_view/rendering.rb:30:in `process'
  actionpack (4.1.6) lib/action_controller/metal.rb:196:in `dispatch'
  actionpack (4.1.6) lib/action_controller/metal/rack_delegation.rb:13:in `dispatch'
  actionpack (4.1.6) lib/action_controller/metal.rb:232:in `block in action'
  actionpack (4.1.6) lib/action_dispatch/routing/route_set.rb:82:in `dispatch'
  actionpack (4.1.6) lib/action_dispatch/routing/route_set.rb:50:in `call'
  actionpack (4.1.6) lib/action_dispatch/journey/router.rb:73:in `block in call'
  actionpack (4.1.6) lib/action_dispatch/journey/router.rb:59:in `call'
  actionpack (4.1.6) lib/action_dispatch/routing/route_set.rb:678:in `call'
  rack (1.5.2) lib/rack/etag.rb:23:in `call'
  rack (1.5.2) lib/rack/conditionalget.rb:25:in `call'
  rack (1.5.2) lib/rack/head.rb:11:in `call'
  actionpack (4.1.6) lib/action_dispatch/middleware/params_parser.rb:27:in `call'
  actionpack (4.1.6) lib/action_dispatch/middleware/flash.rb:254:in `call'
  rack (1.5.2) lib/rack/session/abstract/id.rb:225:in `context'
  rack (1.5.2) lib/rack/session/abstract/id.rb:220:in `call'
  actionpack (4.1.6) lib/action_dispatch/middleware/cookies.rb:560:in `call'
  activerecord (4.1.6) lib/active_record/query_cache.rb:36:in `call'
  activerecord (4.1.6) lib/active_record/connection_adapters/abstract/connection_pool.rb:621:in `call'
  activerecord (4.1.6) lib/active_record/migration.rb:380:in `call'
  actionpack (4.1.6) lib/action_dispatch/middleware/callbacks.rb:29:in `block in call'
  activesupport (4.1.6) lib/active_support/callbacks.rb:82:in `run_callbacks'
  actionpack (4.1.6) lib/action_dispatch/middleware/callbacks.rb:27:in `call'
  actionpack (4.1.6) lib/action_dispatch/middleware/reloader.rb:73:in `call'
  actionpack (4.1.6) lib/action_dispatch/middleware/remote_ip.rb:76:in `call'
  better_errors (1.1.0) lib/better_errors/middleware.rb:84:in `protected_app_call'
  better_errors (1.1.0) lib/better_errors/middleware.rb:79:in `better_errors_call'
  better_errors (1.1.0) lib/better_errors/middleware.rb:56:in `call'
  actionpack (4.1.6) lib/action_dispatch/middleware/debug_exceptions.rb:17:in `call'
  actionpack (4.1.6) lib/action_dispatch/middleware/show_exceptions.rb:30:in `call'
  railties (4.1.6) lib/rails/rack/logger.rb:38:in `call_app'
  railties (4.1.6) lib/rails/rack/logger.rb:20:in `block in call'
  activesupport (4.1.6) lib/active_support/tagged_logging.rb:68:in `block in tagged'
  activesupport (4.1.6) lib/active_support/tagged_logging.rb:26:in `tagged'
  activesupport (4.1.6) lib/active_support/tagged_logging.rb:68:in `tagged'
  railties (4.1.6) lib/rails/rack/logger.rb:20:in `call'
  actionpack (4.1.6) lib/action_dispatch/middleware/request_id.rb:21:in `call'
  rack (1.5.2) lib/rack/methodoverride.rb:21:in `call'
  rack (1.5.2) lib/rack/runtime.rb:17:in `call'
  activesupport (4.1.6) lib/active_support/cache/strategy/local_cache_middleware.rb:26:in `call'
  rack (1.5.2) lib/rack/lock.rb:17:in `call'
  actionpack (4.1.6) lib/action_dispatch/middleware/static.rb:64:in `call'
  rack (1.5.2) lib/rack/sendfile.rb:112:in `call'
  railties (4.1.6) lib/rails/engine.rb:514:in `call'
  railties (4.1.6) lib/rails/application.rb:144:in `call'
  rack (1.5.2) lib/rack/lock.rb:17:in `call'
  rack (1.5.2) lib/rack/content_length.rb:14:in `call'
  rack (1.5.2) lib/rack/handler/webrick.rb:60:in `service'
  /Users/akritisingh/.rvm/rubies/ruby-2.2.0/lib/ruby/2.2.0/webrick/httpserver.rb:138:in `service'
  /Users/akritisingh/.rvm/rubies/ruby-2.2.0/lib/ruby/2.2.0/webrick/httpserver.rb:94:in `run'
  /Users/akritisingh/.rvm/rubies/ruby-2.2.0/lib/ruby/2.2.0/webrick/server.rb:294:in `block in start_thread'



Started POST "/__better_errors/70149207495860/variables" for 127.0.0.1 at 2015-09-24 21:53:14 -0700


Started GET "/" for 127.0.0.1 at 2015-09-24 22:06:06 -0700
Processing by PagesController#home as HTML
Completed 500 Internal Server Error in 2ms

SyntaxError - /Users/akritisingh/Downloads/fa15-hw2-master/app/controllers/concerns/foobar.rb:8: syntax error, unexpected end-of-input, expecting keyword_end:
  activesupport (4.1.6) lib/active_support/dependencies.rb:443:in `'
  activesupport (4.1.6) lib/active_support/dependencies.rb:443:in `block in load_file'
  activesupport (4.1.6) lib/active_support/dependencies.rb:633:in `new_constants_in'
  activesupport (4.1.6) lib/active_support/dependencies.rb:442:in `load_file'
  activesupport (4.1.6) lib/active_support/dependencies.rb:342:in `require_or_load'
  activesupport (4.1.6) lib/active_support/dependencies.rb:480:in `load_missing_constant'
  activesupport (4.1.6) lib/active_support/dependencies.rb:180:in `const_missing'
  activesupport (4.1.6) lib/active_support/dependencies.rb:512:in `load_missing_constant'
  activesupport (4.1.6) lib/active_support/dependencies.rb:180:in `const_missing'
  app/controllers/pages_controller.rb:3:in `home'
  actionpack (4.1.6) lib/action_controller/metal/implicit_render.rb:4:in `send_action'
  actionpack (4.1.6) lib/abstract_controller/base.rb:189:in `process_action'
  actionpack (4.1.6) lib/action_controller/metal/rendering.rb:10:in `process_action'
  actionpack (4.1.6) lib/abstract_controller/callbacks.rb:20:in `block in process_action'
  activesupport (4.1.6) lib/active_support/callbacks.rb:113:in `call'
  activesupport (4.1.6) lib/active_support/callbacks.rb:229:in `block in halting'
  activesupport (4.1.6) lib/active_support/callbacks.rb:229:in `block in halting'
  activesupport (4.1.6) lib/active_support/callbacks.rb:166:in `block in halting'
  activesupport (4.1.6) lib/active_support/callbacks.rb:166:in `block in halting'
  activesupport (4.1.6) lib/active_support/callbacks.rb:166:in `block in halting'
  activesupport (4.1.6) lib/active_support/callbacks.rb:86:in `run_callbacks'
  actionpack (4.1.6) lib/abstract_controller/callbacks.rb:19:in `process_action'
  actionpack (4.1.6) lib/action_controller/metal/rescue.rb:29:in `process_action'
  actionpack (4.1.6) lib/action_controller/metal/instrumentation.rb:31:in `block in process_action'
  activesupport (4.1.6) lib/active_support/notifications.rb:159:in `block in instrument'
  activesupport (4.1.6) lib/active_support/notifications/instrumenter.rb:20:in `instrument'
  activesupport (4.1.6) lib/active_support/notifications.rb:159:in `instrument'
  actionpack (4.1.6) lib/action_controller/metal/instrumentation.rb:30:in `process_action'
  actionpack (4.1.6) lib/action_controller/metal/params_wrapper.rb:250:in `process_action'
  activerecord (4.1.6) lib/active_record/railties/controller_runtime.rb:18:in `process_action'
  actionpack (4.1.6) lib/abstract_controller/base.rb:136:in `process'
  actionview (4.1.6) lib/action_view/rendering.rb:30:in `process'
  actionpack (4.1.6) lib/action_controller/metal.rb:196:in `dispatch'
  actionpack (4.1.6) lib/action_controller/metal/rack_delegation.rb:13:in `dispatch'
  actionpack (4.1.6) lib/action_controller/metal.rb:232:in `block in action'
  actionpack (4.1.6) lib/action_dispatch/routing/route_set.rb:82:in `dispatch'
  actionpack (4.1.6) lib/action_dispatch/routing/route_set.rb:50:in `call'
  actionpack (4.1.6) lib/action_dispatch/journey/router.rb:73:in `block in call'
  actionpack (4.1.6) lib/action_dispatch/journey/router.rb:59:in `call'
  actionpack (4.1.6) lib/action_dispatch/routing/route_set.rb:678:in `call'
  rack (1.5.2) lib/rack/etag.rb:23:in `call'
  rack (1.5.2) lib/rack/conditionalget.rb:25:in `call'
  rack (1.5.2) lib/rack/head.rb:11:in `call'
  actionpack (4.1.6) lib/action_dispatch/middleware/params_parser.rb:27:in `call'
  actionpack (4.1.6) lib/action_dispatch/middleware/flash.rb:254:in `call'
  rack (1.5.2) lib/rack/session/abstract/id.rb:225:in `context'
  rack (1.5.2) lib/rack/session/abstract/id.rb:220:in `call'
  actionpack (4.1.6) lib/action_dispatch/middleware/cookies.rb:560:in `call'
  activerecord (4.1.6) lib/active_record/query_cache.rb:36:in `call'
  activerecord (4.1.6) lib/active_record/connection_adapters/abstract/connection_pool.rb:621:in `call'
  activerecord (4.1.6) lib/active_record/migration.rb:380:in `call'
  actionpack (4.1.6) lib/action_dispatch/middleware/callbacks.rb:29:in `block in call'
  activesupport (4.1.6) lib/active_support/callbacks.rb:82:in `run_callbacks'
  actionpack (4.1.6) lib/action_dispatch/middleware/callbacks.rb:27:in `call'
  actionpack (4.1.6) lib/action_dispatch/middleware/reloader.rb:73:in `call'
  actionpack (4.1.6) lib/action_dispatch/middleware/remote_ip.rb:76:in `call'
  better_errors (1.1.0) lib/better_errors/middleware.rb:84:in `protected_app_call'
  better_errors (1.1.0) lib/better_errors/middleware.rb:79:in `better_errors_call'
  better_errors (1.1.0) lib/better_errors/middleware.rb:56:in `call'
  actionpack (4.1.6) lib/action_dispatch/middleware/debug_exceptions.rb:17:in `call'
  actionpack (4.1.6) lib/action_dispatch/middleware/show_exceptions.rb:30:in `call'
  railties (4.1.6) lib/rails/rack/logger.rb:38:in `call_app'
  railties (4.1.6) lib/rails/rack/logger.rb:20:in `block in call'
  activesupport (4.1.6) lib/active_support/tagged_logging.rb:68:in `block in tagged'
  activesupport (4.1.6) lib/active_support/tagged_logging.rb:26:in `tagged'
  activesupport (4.1.6) lib/active_support/tagged_logging.rb:68:in `tagged'
  railties (4.1.6) lib/rails/rack/logger.rb:20:in `call'
  actionpack (4.1.6) lib/action_dispatch/middleware/request_id.rb:21:in `call'
  rack (1.5.2) lib/rack/methodoverride.rb:21:in `call'
  rack (1.5.2) lib/rack/runtime.rb:17:in `call'
  activesupport (4.1.6) lib/active_support/cache/strategy/local_cache_middleware.rb:26:in `call'
  rack (1.5.2) lib/rack/lock.rb:17:in `call'
  actionpack (4.1.6) lib/action_dispatch/middleware/static.rb:64:in `call'
  rack (1.5.2) lib/rack/sendfile.rb:112:in `call'
  railties (4.1.6) lib/rails/engine.rb:514:in `call'
  railties (4.1.6) lib/rails/application.rb:144:in `call'
  rack (1.5.2) lib/rack/lock.rb:17:in `call'
  rack (1.5.2) lib/rack/content_length.rb:14:in `call'
  rack (1.5.2) lib/rack/handler/webrick.rb:60:in `service'
  /Users/akritisingh/.rvm/rubies/ruby-2.2.0/lib/ruby/2.2.0/webrick/httpserver.rb:138:in `service'
  /Users/akritisingh/.rvm/rubies/ruby-2.2.0/lib/ruby/2.2.0/webrick/httpserver.rb:94:in `run'
  /Users/akritisingh/.rvm/rubies/ruby-2.2.0/lib/ruby/2.2.0/webrick/server.rb:294:in `block in start_thread'



Started POST "/__better_errors/70149195063900/variables" for 127.0.0.1 at 2015-09-24 22:06:06 -0700


Started GET "/" for 127.0.0.1 at 2015-09-24 22:06:38 -0700
Processing by PagesController#home as HTML
  Rendered pages/home.html.erb within layouts/application (0.9ms)
Completed 200 OK in 25ms (Views: 24.1ms | ActiveRecord: 0.0ms)


Started GET "/assets/application.css?body=1" for 127.0.0.1 at 2015-09-24 22:06:38 -0700


Started GET "/assets/jquery.js?body=1" for 127.0.0.1 at 2015-09-24 22:06:38 -0700


Started GET "/assets/jquery_ujs.js?body=1" for 127.0.0.1 at 2015-09-24 22:06:38 -0700


Started GET "/assets/application.js?body=1" for 127.0.0.1 at 2015-09-24 22:06:38 -0700


Started GET "/assets/turbolinks.js?body=1" for 127.0.0.1 at 2015-09-24 22:06:38 -0700


Started PUT "/age" for 127.0.0.1 at 2015-09-24 22:07:08 -0700

ActionController::RoutingError (No route matches [PUT] "/age"):
  actionpack (4.1.6) lib/action_dispatch/middleware/debug_exceptions.rb:21:in `call'
  actionpack (4.1.6) lib/action_dispatch/middleware/show_exceptions.rb:30:in `call'
  railties (4.1.6) lib/rails/rack/logger.rb:38:in `call_app'
  railties (4.1.6) lib/rails/rack/logger.rb:20:in `block in call'
  activesupport (4.1.6) lib/active_support/tagged_logging.rb:68:in `block in tagged'
  activesupport (4.1.6) lib/active_support/tagged_logging.rb:26:in `tagged'
  activesupport (4.1.6) lib/active_support/tagged_logging.rb:68:in `tagged'
  railties (4.1.6) lib/rails/rack/logger.rb:20:in `call'
  actionpack (4.1.6) lib/action_dispatch/middleware/request_id.rb:21:in `call'
  rack (1.5.2) lib/rack/methodoverride.rb:21:in `call'
  rack (1.5.2) lib/rack/runtime.rb:17:in `call'
  activesupport (4.1.6) lib/active_support/cache/strategy/local_cache_middleware.rb:26:in `call'
  rack (1.5.2) lib/rack/lock.rb:17:in `call'
  actionpack (4.1.6) lib/action_dispatch/middleware/static.rb:64:in `call'
  rack (1.5.2) lib/rack/sendfile.rb:112:in `call'
  railties (4.1.6) lib/rails/engine.rb:514:in `call'
  railties (4.1.6) lib/rails/application.rb:144:in `call'
  rack (1.5.2) lib/rack/lock.rb:17:in `call'
  rack (1.5.2) lib/rack/content_length.rb:14:in `call'
  rack (1.5.2) lib/rack/handler/webrick.rb:60:in `service'
  /Users/akritisingh/.rvm/rubies/ruby-2.2.0/lib/ruby/2.2.0/webrick/httpserver.rb:138:in `service'
  /Users/akritisingh/.rvm/rubies/ruby-2.2.0/lib/ruby/2.2.0/webrick/httpserver.rb:94:in `run'
  /Users/akritisingh/.rvm/rubies/ruby-2.2.0/lib/ruby/2.2.0/webrick/server.rb:294:in `block in start_thread'


  Rendered /Users/akritisingh/.rvm/gems/ruby-2.2.0@rails_decal/gems/actionpack-4.1.6/lib/action_dispatch/middleware/templates/rescues/_trace.html.erb (1.2ms)
  Rendered /Users/akritisingh/.rvm/gems/ruby-2.2.0@rails_decal/gems/actionpack-4.1.6/lib/action_dispatch/middleware/templates/routes/_route.html.erb (1.0ms)
  Rendered /Users/akritisingh/.rvm/gems/ruby-2.2.0@rails_decal/gems/actionpack-4.1.6/lib/action_dispatch/middleware/templates/routes/_table.html.erb (1.1ms)
  Rendered /Users/akritisingh/.rvm/gems/ruby-2.2.0@rails_decal/gems/actionpack-4.1.6/lib/action_dispatch/middleware/templates/rescues/routing_error.html.erb within rescues/layout (57.2ms)


Started GET "/" for 127.0.0.1 at 2015-09-24 22:07:38 -0700
Processing by PagesController#home as HTML
  Rendered pages/home.html.erb within layouts/application (1.0ms)
Completed 200 OK in 32ms (Views: 30.8ms | ActiveRecord: 0.0ms)


Started GET "/assets/application.css?body=1" for 127.0.0.1 at 2015-09-24 22:07:38 -0700


Started GET "/assets/application.js?body=1" for 127.0.0.1 at 2015-09-24 22:07:38 -0700


Started GET "/assets/jquery_ujs.js?body=1" for 127.0.0.1 at 2015-09-24 22:07:38 -0700


Started GET "/assets/jquery.js?body=1" for 127.0.0.1 at 2015-09-24 22:07:38 -0700


Started GET "/assets/turbolinks.js?body=1" for 127.0.0.1 at 2015-09-24 22:07:38 -0700


Started PUT "/age" for 127.0.0.1 at 2015-09-24 22:07:40 -0700

ActionController::RoutingError (No route matches [PUT] "/age"):
  actionpack (4.1.6) lib/action_dispatch/middleware/debug_exceptions.rb:21:in `call'
  actionpack (4.1.6) lib/action_dispatch/middleware/show_exceptions.rb:30:in `call'
  railties (4.1.6) lib/rails/rack/logger.rb:38:in `call_app'
  railties (4.1.6) lib/rails/rack/logger.rb:20:in `block in call'
  activesupport (4.1.6) lib/active_support/tagged_logging.rb:68:in `block in tagged'
  activesupport (4.1.6) lib/active_support/tagged_logging.rb:26:in `tagged'
  activesupport (4.1.6) lib/active_support/tagged_logging.rb:68:in `tagged'
  railties (4.1.6) lib/rails/rack/logger.rb:20:in `call'
  actionpack (4.1.6) lib/action_dispatch/middleware/request_id.rb:21:in `call'
  rack (1.5.2) lib/rack/methodoverride.rb:21:in `call'
  rack (1.5.2) lib/rack/runtime.rb:17:in `call'
  activesupport (4.1.6) lib/active_support/cache/strategy/local_cache_middleware.rb:26:in `call'
  rack (1.5.2) lib/rack/lock.rb:17:in `call'
  actionpack (4.1.6) lib/action_dispatch/middleware/static.rb:64:in `call'
  rack (1.5.2) lib/rack/sendfile.rb:112:in `call'
  railties (4.1.6) lib/rails/engine.rb:514:in `call'
  railties (4.1.6) lib/rails/application.rb:144:in `call'
  rack (1.5.2) lib/rack/lock.rb:17:in `call'
  rack (1.5.2) lib/rack/content_length.rb:14:in `call'
  rack (1.5.2) lib/rack/handler/webrick.rb:60:in `service'
  /Users/akritisingh/.rvm/rubies/ruby-2.2.0/lib/ruby/2.2.0/webrick/httpserver.rb:138:in `service'
  /Users/akritisingh/.rvm/rubies/ruby-2.2.0/lib/ruby/2.2.0/webrick/httpserver.rb:94:in `run'
  /Users/akritisingh/.rvm/rubies/ruby-2.2.0/lib/ruby/2.2.0/webrick/server.rb:294:in `block in start_thread'


  Rendered /Users/akritisingh/.rvm/gems/ruby-2.2.0@rails_decal/gems/actionpack-4.1.6/lib/action_dispatch/middleware/templates/rescues/_trace.html.erb (1.2ms)
  Rendered /Users/akritisingh/.rvm/gems/ruby-2.2.0@rails_decal/gems/actionpack-4.1.6/lib/action_dispatch/middleware/templates/routes/_route.html.erb (1.4ms)
  Rendered /Users/akritisingh/.rvm/gems/ruby-2.2.0@rails_decal/gems/actionpack-4.1.6/lib/action_dispatch/middleware/templates/routes/_table.html.erb (1.2ms)
  Rendered /Users/akritisingh/.rvm/gems/ruby-2.2.0@rails_decal/gems/actionpack-4.1.6/lib/action_dispatch/middleware/templates/rescues/routing_error.html.erb within rescues/layout (54.0ms)


Started GET "/" for 127.0.0.1 at 2015-09-24 22:08:22 -0700
Processing by PagesController#home as HTML
  Rendered pages/home.html.erb within layouts/application (1.1ms)
Completed 200 OK in 35ms (Views: 33.4ms | ActiveRecord: 0.0ms)


Started GET "/assets/application.css?body=1" for 127.0.0.1 at 2015-09-24 22:08:22 -0700


Started GET "/assets/jquery_ujs.js?body=1" for 127.0.0.1 at 2015-09-24 22:08:22 -0700


Started GET "/assets/turbolinks.js?body=1" for 127.0.0.1 at 2015-09-24 22:08:22 -0700


Started GET "/assets/jquery.js?body=1" for 127.0.0.1 at 2015-09-24 22:08:22 -0700


Started GET "/assets/application.js?body=1" for 127.0.0.1 at 2015-09-24 22:08:22 -0700


Started PUT "/age" for 127.0.0.1 at 2015-09-24 22:08:23 -0700
Processing by PagesController#age as HTML
  Parameters: {"utf8"=>"✓", "authenticity_token"=>"JXNF01DkBqWJwI3v2ViOW3nPTF2ebvrU3g4K7cn9riI=", "name"=>"", "age"=>"", "commit"=>"Submit!"}
  Rendered pages/age.html.erb within layouts/application (0.6ms)
Completed 200 OK in 27ms (Views: 26.4ms | ActiveRecord: 0.0ms)


Started GET "/assets/jquery.js?body=1" for 127.0.0.1 at 2015-09-24 22:08:23 -0700


Started GET "/assets/turbolinks.js?body=1" for 127.0.0.1 at 2015-09-24 22:08:23 -0700


Started GET "/assets/application.css?body=1" for 127.0.0.1 at 2015-09-24 22:08:23 -0700


Started GET "/assets/jquery_ujs.js?body=1" for 127.0.0.1 at 2015-09-24 22:08:23 -0700


Started GET "/assets/application.js?body=1" for 127.0.0.1 at 2015-09-24 22:08:23 -0700


Started PUT "/age" for 127.0.0.1 at 2015-09-24 22:09:18 -0700
Processing by PagesController#person as HTML
  Parameters: {"utf8"=>"✓", "authenticity_token"=>"JXNF01DkBqWJwI3v2ViOW3nPTF2ebvrU3g4K7cn9riI=", "name"=>"", "age"=>"", "commit"=>"Submit!"}
  Rendered pages/person.html.erb within layouts/application (0.4ms)
Completed 200 OK in 26ms (Views: 25.2ms | ActiveRecord: 0.0ms)


Started GET "/assets/application.css?body=1" for 127.0.0.1 at 2015-09-24 22:09:18 -0700


Started GET "/assets/turbolinks.js?body=1" for 127.0.0.1 at 2015-09-24 22:09:18 -0700


Started GET "/assets/application.js?body=1" for 127.0.0.1 at 2015-09-24 22:09:18 -0700


Started GET "/assets/jquery_ujs.js?body=1" for 127.0.0.1 at 2015-09-24 22:09:18 -0700


Started GET "/assets/jquery.js?body=1" for 127.0.0.1 at 2015-09-24 22:09:18 -0700
